#
# A fatal error has been detected by the Java Runtime Environment:
#
#  EXCEPTION_ACCESS_VIOLATION (0xc0000005) at pc=0x00007ff86038f7cb, pid=5224, tid=8664
#
# JRE version: Java(TM) SE Runtime Environment (15.0.1+9) (build 15.0.1+9-18)
# Java VM: Java HotSpot(TM) 64-Bit Server VM (15.0.1+9-18, mixed mode, sharing, tiered, compressed oops, g1 gc, windows-amd64)
# Problematic frame:
# V  [jvm.dll+0x2cf7cb]
#
# No core dump will be written. Minidumps are not enabled by default on client versions of Windows
#
# If you would like to submit a bug report, please visit:
#   https://bugreport.java.com/bugreport/crash.jsp
#

---------------  S U M M A R Y ------------

Command Line: -Dcom.sun.management.jmxremote -Dcom.sun.management.jmxremote.port=57104 -Dcom.sun.management.jmxremote.authenticate=false -Dcom.sun.management.jmxremote.ssl=false -Djava.rmi.server.hostname=localhost -Dspring.jmx.enabled=true -Dspring.liveBeansView.mbeanDomain -Dspring.application.admin.enabled=true -Xverify:none -XX:TieredStopAtLevel=1 -Dspring.boot.project.name=ClientRegistryService -Dfile.encoding=UTF-8 com.bpp.clientregistryservice.ClientRegistryServiceApplication --spring.output.ansi.enabled=always

Host: Intel(R) Core(TM) i3-2365M CPU @ 1.40GHz, 4 cores, 3G,  Windows 10 , 64 bit Build 19041 (10.0.19041.1202)
Time: Tue Nov  9 22:07:37 2021 India Standard Time elapsed time: 839.227843 seconds (0d 0h 13m 59s)

---------------  T H R E A D  ---------------

Current thread (0x000001fd57378910):  GCTaskThread "GC Thread#1" [stack: 0x0000007b78000000,0x0000007b78100000] [id=8664]

Stack: [0x0000007b78000000,0x0000007b78100000],  sp=0x0000007b780fef10,  free space=1019k
Native frames: (J=compiled Java code, j=interpreted, Vv=VM code, C=native code)
V  [jvm.dll+0x2cf7cb]
V  [jvm.dll+0x2cf24e]
V  [jvm.dll+0x2dd037]
V  [jvm.dll+0x2ded57]
V  [jvm.dll+0x2dd54d]
V  [jvm.dll+0x2de8f1]
V  [jvm.dll+0x2aad88]
V  [jvm.dll+0x2accfd]
V  [jvm.dll+0x7adba0]
V  [jvm.dll+0x73d65a]
V  [jvm.dll+0x629c56]
C  [ucrtbase.dll+0x21bb2]
C  [KERNEL32.DLL+0x17034]
C  [ntdll.dll+0x52651]


siginfo: EXCEPTION_ACCESS_VIOLATION (0xc0000005), reading address 0x000000000000d0c0


Register to memory mapping:

RIP=0x00007ff86038f7cb jvm.dll
RAX=0x000001fd389ff240 points into unknown readable memory: 0x0000000000000000 | 00 00 00 00 00 00 00 00
RBX=0x00000000c4e00a35 is pointing into object: [Ljava.util.concurrent.ConcurrentHashMap$Node; 
{0x00000000c4e009f8} - klass: 'java/util/concurrent/ConcurrentHashMap$Node'[]
 - length: 16
RCX=0x0 is NULL
RDX=0x0 is NULL
RSP=0x0000007b780fef10 points into unknown readable memory: 0x0000000000009bb3 | b3 9b 00 00 00 00 00 00
RBP=0x000001fd5907a5e0 points into unknown readable memory: 0x00007ff86094a628 | 28 a6 94 60 f8 7f 00 00
RSI=0x0000007b780ff1d0 points into unknown readable memory: 0x00007ff86094b7a8 | a8 b7 94 60 f8 7f 00 00
RDI=0x00000000c4e00a34 is pointing into object: [Ljava.util.concurrent.ConcurrentHashMap$Node; 
{0x00000000c4e009f8} - klass: 'java/util/concurrent/ConcurrentHashMap$Node'[]
 - length: 16
R8 =0x0000000000000c4e is an unknown value
R9 =0x000000000000000c is an unknown value
R10=0x000000000000d0c0 is an unknown value
R11=0x00000000c4e009f8 is an oop: [Ljava.util.concurrent.ConcurrentHashMap$Node; 
{0x00000000c4e009f8} - klass: 'java/util/concurrent/ConcurrentHashMap$Node'[]
 - length: 16
R12=0x0000000000000040 is an unknown value
R13=0x0 is NULL
R14=0x000001fd389ee670 points into unknown readable memory: 0x0000065a000002e8 | e8 02 00 00 5a 06 00 00
R15=0x0000000000000369 is an unknown value


Registers:
RAX=0x000001fd389ff240, RBX=0x00000000c4e00a35, RCX=0x0000000000000000, RDX=0x0000000000000000
RSP=0x0000007b780fef10, RBP=0x000001fd5907a5e0, RSI=0x0000007b780ff1d0, RDI=0x00000000c4e00a34
R8 =0x0000000000000c4e, R9 =0x000000000000000c, R10=0x000000000000d0c0, R11=0x00000000c4e009f8
R12=0x0000000000000040, R13=0x0000000000000000, R14=0x000001fd389ee670, R15=0x0000000000000369
RIP=0x00007ff86038f7cb, EFLAGS=0x0000000000010246

Top of Stack: (sp=0x0000007b780fef10)
0x0000007b780fef10:   0000000000009bb3 00007ff860390001
0x0000007b780fef20:   0000007b780ff1d0 00000000c33769e0
0x0000007b780fef30:   0000000000000000 00007ff8606e4a3f
0x0000007b780fef40:   0000007b780fefc0 0000000000000000
0x0000007b780fef50:   000001fd389e1600 0000007b780ff1d0
0x0000007b780fef60:   000001fd51c19b00 0000000000000004
0x0000007b780fef70:   000001fd389eae00 0000007b780ff1d0
0x0000007b780fef80:   0000000000000000 00000000c3376200
0x0000007b780fef90:   000001fd5907a5e0 00007ff86038f24e
0x0000007b780fefa0:   00007ff8600c0000 000001fd00000000
0x0000007b780fefb0:   0000000000000004 000001fd389eae00
0x0000007b780fefc0:   00000001f433d636 00000110e6fd05fa
0x0000007b780fefd0:   0000007b780ff1d0 00000000c3376200
0x0000007b780fefe0:   0000000000000100 00007ff86039d037
0x0000007b780feff0:   00000000c3376a00 0000007b780ff010
0x0000007b780ff000:   0000007b780ff020 000001fd38a01e20 

Instructions: (pc=0x00007ff86038f7cb)
0x00007ff86038f6cb:   00 00 00 00 00 48 8b 5d 10 44 8b bb 80 00 00 00
0x00007ff86038f6db:   4c 8d b3 00 01 00 00 41 8b 06 41 8b cf 2b c8 81
0x00007ff86038f6eb:   e1 ff ff 01 00 41 3b cc 0f 86 d2 03 00 00 41 ff
0x00007ff86038f6fb:   cf 41 81 e7 ff ff 01 00 44 89 bb 80 00 00 00 e8
0x00007ff86038f70b:   e1 d0 34 00 41 8b 06 41 8b cf 48 8b 9b 80 01 00
0x00007ff86038f71b:   00 2b c8 81 e1 ff ff 01 00 81 f9 ff ff 01 00 4a
0x00007ff86038f72b:   8b 1c fb 41 0f 44 cd 85 c9 75 46 49 8b 06 48 8b
0x00007ff86038f73b:   f8 48 89 44 24 28 48 c1 e8 20 ff c0 44 89 7c 24
0x00007ff86038f74b:   20 89 44 24 24 48 8b 74 24 20 44 3b ff 0f 85 67
0x00007ff86038f75b:   03 00 00 48 8b 05 33 5c 74 00 4c 8b c7 49 8b d6
0x00007ff86038f76b:   48 8b ce ff d0 48 3b c7 0f 85 4c 03 00 00 41 8b
0x00007ff86038f77b:   06 f6 c3 01 0f 84 45 01 00 00 8b 0d 85 c2 72 00
0x00007ff86038f78b:   48 8d 7b ff 48 8b 45 08 44 8b 17 49 d3 e2 4c 03
0x00007ff86038f79b:   15 68 c2 72 00 8b 88 48 04 00 00 49 8b d2 48 8b
0x00007ff86038f7ab:   80 38 04 00 00 48 d3 ea 0f b7 0c 50 66 89 8c 24
0x00007ff86038f7bb:   98 00 00 00 66 c1 e9 08 84 c9 0f 88 05 ff ff ff
0x00007ff86038f7cb:   4d 8b 02 41 0f b6 c0 24 03 3c 03 75 1e 44 38 2d
0x00007ff86038f7db:   63 38 7b 00 74 0f 41 0f b6 c0 24 07 3c 05 75 05
0x00007ff86038f7eb:   4d 8b c5 eb 1f 49 83 e0 fc eb 19 0f b7 94 24 98
0x00007ff86038f7fb:   00 00 00 4d 8b c8 4d 8b c2 48 8b cd e8 74 1d 00
0x00007ff86038f80b:   00 4c 8b c0 8b 0d fb c1 72 00 49 8b d0 48 2b 15
0x00007ff86038f81b:   e9 c1 72 00 48 d3 ea 89 17 49 8b d0 8b 0d b3 41
0x00007ff86038f82b:   7b 00 48 33 d7 48 d3 ea 48 85 d2 0f 84 94 fe ff
0x00007ff86038f83b:   ff 48 8b 45 08 48 8b d7 48 8b 80 00 01 00 00 8b
0x00007ff86038f84b:   48 68 48 8b 40 58 48 d3 ea 48 8b 0c d0 8b 81 cc
0x00007ff86038f85b:   00 00 00 d1 e8 a8 01 0f 85 68 fe ff ff 48 8b 45
0x00007ff86038f86b:   08 8b 88 48 04 00 00 48 8b 80 38 04 00 00 49 d3
0x00007ff86038f87b:   e8 46 38 2c 40 0f 84 4a fe ff ff 48 8b 85 80 00
0x00007ff86038f88b:   00 00 48 c1 ef 09 48 8b 58 48 48 8b 50 40 48 03
0x00007ff86038f89b:   df 48 2b da 48 39 9d d0 01 00 00 0f 84 24 fe ff
0x00007ff86038f8ab:   ff 44 38 6d 28 48 8d 4d 18 74 08 48 03 d3 e8 a2
0x00007ff86038f8bb:   e9 39 00 48 89 9d d0 01 00 00 e9 06 fe ff ff f6 


Stack slot to memory mapping:
stack at sp + 0 slots: 0x0000000000009bb3 is an unknown value
stack at sp + 1 slots: 0x00007ff860390001 jvm.dll
stack at sp + 2 slots: 0x0000007b780ff1d0 points into unknown readable memory: 0x00007ff86094b7a8 | a8 b7 94 60 f8 7f 00 00
stack at sp + 3 slots: 0x00000000c33769e0 is pointing into object: java.lang.ref.ReferenceQueue 
{0x00000000c33769d0} - klass: 'java/lang/ref/ReferenceQueue'
stack at sp + 4 slots: 0x0 is NULL
stack at sp + 5 slots: 0x00007ff8606e4a3f jvm.dll
stack at sp + 6 slots: 0x0000007b780fefc0 points into unknown readable memory: 0x00000001f433d636 | 36 d6 33 f4 01 00 00 00
stack at sp + 7 slots: 0x0 is NULL


---------------  P R O C E S S  ---------------

Threads class SMR info:
_java_thread_list=0x000001fd5ae03b70, length=53, elements={
0x000001fd38a9c3d0, 0x000001fd56477f20, 0x000001fd5648c730, 0x000001fd56491010,
0x000001fd5649b8f0, 0x000001fd5649f760, 0x000001fd564a0160, 0x000001fd565297f0,
0x000001fd56528e50, 0x000001fd56529320, 0x000001fd56529cc0, 0x000001fd5652a660,
0x000001fd57870870, 0x000001fd57870d40, 0x000001fd57871210, 0x000001fd57873890,
0x000001fd57872080, 0x000001fd57872a20, 0x000001fd57872ef0, 0x000001fd57873d60,
0x000001fd578750a0, 0x000001fd57874230, 0x000001fd57875f10, 0x000001fd578768b0,
0x000001fd5aa7d0c0, 0x000001fd5aa7d590, 0x000001fd5aa7c250, 0x000001fd5aa7cbf0,
0x000001fd5aa7c720, 0x000001fd5aa7bd80, 0x000001fd5aa7da60, 0x000001fd5aa7b8b0,
0x000001fd5aa7f270, 0x000001fd5aa7df30, 0x000001fd5aa7e400, 0x000001fd5aa7e8d0,
0x000001fd5abf4ba0, 0x000001fd5ac01ba0, 0x000001fd5abff520, 0x000001fd5ac05090,
0x000001fd5abff050, 0x000001fd5ac016d0, 0x000001fd5ac03d50, 0x000001fd5abfeb80,
0x000001fd5ac00d30, 0x000001fd5ac02540, 0x000001fd5ac033b0, 0x000001fd5ac03880,
0x000001fd5abff9f0, 0x000001fd5ac02ee0, 0x000001fd5abffec0, 0x000001fd5ac04220,
0x000001fd5ac04bc0
}

Java Threads: ( => current thread )
  0x000001fd38a9c3d0 JavaThread "Reference Handler" daemon [_thread_blocked, id=5448, stack(0x0000007b77700000,0x0000007b77800000)]
  0x000001fd56477f20 JavaThread "Finalizer" daemon [_thread_blocked, id=2556, stack(0x0000007b77800000,0x0000007b77900000)]
  0x000001fd5648c730 JavaThread "Signal Dispatcher" daemon [_thread_blocked, id=10004, stack(0x0000007b77900000,0x0000007b77a00000)]
  0x000001fd56491010 JavaThread "Attach Listener" daemon [_thread_blocked, id=8284, stack(0x0000007b77a00000,0x0000007b77b00000)]
  0x000001fd5649b8f0 JavaThread "Service Thread" daemon [_thread_blocked, id=5136, stack(0x0000007b77b00000,0x0000007b77c00000)]
  0x000001fd5649f760 JavaThread "C1 CompilerThread0" daemon [_thread_blocked, id=9092, stack(0x0000007b77c00000,0x0000007b77d00000)]
  0x000001fd564a0160 JavaThread "Sweeper thread" daemon [_thread_blocked, id=3428, stack(0x0000007b77d00000,0x0000007b77e00000)]
  0x000001fd565297f0 JavaThread "Common-Cleaner" daemon [_thread_blocked, id=9956, stack(0x0000007b77e00000,0x0000007b77f00000)]
  0x000001fd56528e50 JavaThread "Notification Thread" daemon [_thread_blocked, id=9832, stack(0x0000007b77f00000,0x0000007b78000000)]
  0x000001fd56529320 JavaThread "RMI TCP Accept-0" daemon [_thread_in_native, id=516, stack(0x0000007b78100000,0x0000007b78200000)]
  0x000001fd56529cc0 JavaThread "RMI TCP Accept-57104" daemon [_thread_in_native, id=6516, stack(0x0000007b78200000,0x0000007b78300000)]
  0x000001fd5652a660 JavaThread "RMI TCP Accept-0" daemon [_thread_in_native, id=4960, stack(0x0000007b78300000,0x0000007b78400000)]
  0x000001fd57870870 JavaThread "Catalina-utility-1" [_thread_blocked, id=5100, stack(0x0000007b78900000,0x0000007b78a00000)]
  0x000001fd57870d40 JavaThread "Catalina-utility-2" [_thread_blocked, id=4352, stack(0x0000007b78a00000,0x0000007b78b00000)]
  0x000001fd57871210 JavaThread "container-0" [_thread_blocked, id=10016, stack(0x0000007b78b00000,0x0000007b78c00000)]
  0x000001fd57873890 JavaThread "Thread-5" daemon [_thread_in_native, id=10308, stack(0x0000007b78c00000,0x0000007b78d00000)]
  0x000001fd57872080 JavaThread "cluster-ClusterId{value='618aa092702c09195bceb046', description='null'}-cluster0-shard-00-00.7pwgj.mongodb.net:27017" daemon [_thread_in_native, id=8200, stack(0x0000007b78e00000,0x0000007b78f00000)]
  0x000001fd57872a20 JavaThread "cluster-rtt-ClusterId{value='618aa092702c09195bceb046', description='null'}-cluster0-shard-00-00.7pwgj.mongodb.net:27017" daemon [_thread_blocked, id=5156, stack(0x0000007b78f00000,0x0000007b79000000)]
  0x000001fd57872ef0 JavaThread "cluster-ClusterId{value='618aa092702c09195bceb046', description='null'}-cluster0-shard-00-01.7pwgj.mongodb.net:27017" daemon [_thread_in_native, id=4904, stack(0x0000007b79000000,0x0000007b79100000)]
  0x000001fd57873d60 JavaThread "cluster-rtt-ClusterId{value='618aa092702c09195bceb046', description='null'}-cluster0-shard-00-01.7pwgj.mongodb.net:27017" daemon [_thread_blocked, id=2960, stack(0x0000007b79100000,0x0000007b79200000)]
  0x000001fd578750a0 JavaThread "cluster-ClusterId{value='618aa092702c09195bceb046', description='null'}-cluster0-shard-00-02.7pwgj.mongodb.net:27017" daemon [_thread_in_native, id=4696, stack(0x0000007b79200000,0x0000007b79300000)]
  0x000001fd57874230 JavaThread "cluster-rtt-ClusterId{value='618aa092702c09195bceb046', description='null'}-cluster0-shard-00-02.7pwgj.mongodb.net:27017" daemon [_thread_blocked, id=324, stack(0x0000007b79300000,0x0000007b79400000)]
  0x000001fd57875f10 JavaThread "Live Reload Server" daemon [_thread_in_native, id=4648, stack(0x0000007b79500000,0x0000007b79600000)]
  0x000001fd578768b0 JavaThread "async-channel-group-0-selector" [_thread_in_native, id=7068, stack(0x0000007b79600000,0x0000007b79700000)]
  0x000001fd5aa7d0c0 JavaThread "Thread-8" daemon [_thread_in_native, id=5116, stack(0x0000007b79700000,0x0000007b79800000)]
  0x000001fd5aa7d590 JavaThread "cluster-ClusterId{value='618aa095702c09195bceb047', description='null'}-cluster0-shard-00-00.7pwgj.mongodb.net:27017" daemon [_thread_blocked, id=6328, stack(0x0000007b79900000,0x0000007b79a00000)]
  0x000001fd5aa7c250 JavaThread "cluster-rtt-ClusterId{value='618aa095702c09195bceb047', description='null'}-cluster0-shard-00-00.7pwgj.mongodb.net:27017" daemon [_thread_blocked, id=10876, stack(0x0000007b79a00000,0x0000007b79b00000)]
  0x000001fd5aa7cbf0 JavaThread "cluster-ClusterId{value='618aa095702c09195bceb047', description='null'}-cluster0-shard-00-01.7pwgj.mongodb.net:27017" daemon [_thread_blocked, id=8552, stack(0x0000007b79b00000,0x0000007b79c00000)]
  0x000001fd5aa7c720 JavaThread "cluster-rtt-ClusterId{value='618aa095702c09195bceb047', description='null'}-cluster0-shard-00-01.7pwgj.mongodb.net:27017" daemon [_thread_blocked, id=9636, stack(0x0000007b79c00000,0x0000007b79d00000)]
  0x000001fd5aa7bd80 JavaThread "cluster-ClusterId{value='618aa095702c09195bceb047', description='null'}-cluster0-shard-00-02.7pwgj.mongodb.net:27017" daemon [_thread_blocked, id=7104, stack(0x0000007b79d00000,0x0000007b79e00000)]
  0x000001fd5aa7da60 JavaThread "cluster-rtt-ClusterId{value='618aa095702c09195bceb047', description='null'}-cluster0-shard-00-02.7pwgj.mongodb.net:27017" daemon [_thread_blocked, id=328, stack(0x0000007b79e00000,0x0000007b79f00000)]
  0x000001fd5aa7b8b0 JavaThread "File Watcher" daemon [_thread_blocked, id=10184, stack(0x0000007b79f00000,0x0000007b7a000000)]
  0x000001fd5aa7f270 JavaThread "async-channel-group-0-handler-executor" [_thread_blocked, id=5020, stack(0x0000007b7a000000,0x0000007b7a100000)]
  0x000001fd5aa7df30 JavaThread "async-channel-group-0-handler-executor" [_thread_blocked, id=10080, stack(0x0000007b7a100000,0x0000007b7a200000)]
  0x000001fd5aa7e400 JavaThread "async-channel-group-0-handler-executor" [_thread_blocked, id=9668, stack(0x0000007b7a200000,0x0000007b7a300000)]
  0x000001fd5aa7e8d0 JavaThread "async-channel-group-0-handler-executor" [_thread_blocked, id=9168, stack(0x0000007b7a300000,0x0000007b7a400000)]
  0x000001fd5abf4ba0 JavaThread "async-channel-group-0-timeout-thread" daemon [_thread_blocked, id=10448, stack(0x0000007b7a400000,0x0000007b7a500000)]
  0x000001fd5ac01ba0 JavaThread "spring.cloud.inetutils" daemon [_thread_blocked, id=1532, stack(0x0000007b7a500000,0x0000007b7a600000)]
  0x000001fd5abff520 JavaThread "AsyncResolver-bootstrap-0" daemon [_thread_blocked, id=4828, stack(0x0000007b7a600000,0x0000007b7a700000)]
  0x000001fd5ac05090 JavaThread "DiscoveryClient-0" daemon [_thread_blocked, id=10488, stack(0x0000007b7a700000,0x0000007b7a800000)]
  0x000001fd5abff050 JavaThread "DiscoveryClient-1" daemon [_thread_blocked, id=3184, stack(0x0000007b7a800000,0x0000007b7a900000)]
  0x000001fd5ac016d0 JavaThread "DiscoveryClient-InstanceInfoReplicator-0" daemon [_thread_blocked, id=2892, stack(0x0000007b7a900000,0x0000007b7aa00000)]
  0x000001fd5ac03d50 JavaThread "http-nio-8762-Poller" daemon [_thread_in_native, id=11176, stack(0x0000007b7aa00000,0x0000007b7ab00000)]
  0x000001fd5abfeb80 JavaThread "http-nio-8762-Acceptor" daemon [_thread_in_native, id=1020, stack(0x0000007b7ab00000,0x0000007b7ac00000)]
  0x000001fd5ac00d30 JavaThread "DestroyJavaVM" [_thread_blocked, id=7892, stack(0x0000007b77000000,0x0000007b77100000)]
  0x000001fd5ac02540 JavaThread "http-nio-8762-exec-1" daemon [_thread_blocked, id=1996, stack(0x0000007b7ac00000,0x0000007b7ad00000)]
  0x000001fd5ac033b0 JavaThread "DiscoveryClient-CacheRefreshExecutor-0" daemon [_thread_blocked, id=10180, stack(0x0000007b7ad00000,0x0000007b7ae00000)]
  0x000001fd5ac03880 JavaThread "DiscoveryClient-HeartbeatExecutor-0" daemon [_thread_blocked, id=7008, stack(0x0000007b7ae00000,0x0000007b7af00000)]
  0x000001fd5abff9f0 JavaThread "http-nio-8762-exec-2" daemon [_thread_blocked, id=2976, stack(0x0000007b7af00000,0x0000007b7b000000)]
  0x000001fd5ac02ee0 JavaThread "http-nio-8762-exec-3" daemon [_thread_blocked, id=10320, stack(0x0000007b7b000000,0x0000007b7b100000)]
  0x000001fd5abffec0 JavaThread "http-nio-8762-exec-4" daemon [_thread_blocked, id=7440, stack(0x0000007b76d00000,0x0000007b76e00000)]
  0x000001fd5ac04220 JavaThread "http-nio-8762-exec-5" daemon [_thread_blocked, id=2968, stack(0x0000007b76e00000,0x0000007b76f00000)]
  0x000001fd5ac04bc0 JavaThread "AsyncResolver-bootstrap-executor-0" daemon [_thread_blocked, id=10992, stack(0x0000007b76f00000,0x0000007b77000000)]

Other Threads:
  0x000001fd38a97820 VMThread "VM Thread" [stack: 0x0000007b77600000,0x0000007b77700000] [id=4752]
  0x000001fd3899b3d0 WatcherThread [stack: 0x0000007b78400000,0x0000007b78500000] [id=3132]
  0x000001fd38a016e0 GCTaskThread "GC Thread#0" [stack: 0x0000007b77100000,0x0000007b77200000] [id=7228]
=>0x000001fd57378910 GCTaskThread "GC Thread#1" [stack: 0x0000007b78000000,0x0000007b78100000] [id=8664]
  0x000001fd573785e0 GCTaskThread "GC Thread#2" [stack: 0x0000007b78700000,0x0000007b78800000] [id=4260]
  0x000001fd57378f70 GCTaskThread "GC Thread#3" [stack: 0x0000007b78800000,0x0000007b78900000] [id=1760]
  0x000001fd38a0aae0 ConcurrentGCThread "G1 Main Marker" [stack: 0x0000007b77200000,0x0000007b77300000] [id=9220]
  0x000001fd38a0b5e0 ConcurrentGCThread "G1 Conc#0" [stack: 0x0000007b77300000,0x0000007b77400000] [id=520]
  0x000001fd38a4c9d0 ConcurrentGCThread "G1 Refine#0" [stack: 0x0000007b77400000,0x0000007b77500000] [id=5384]
  0x000001fd38a4d4e0 ConcurrentGCThread "G1 Young RemSet Sampling" [stack: 0x0000007b77500000,0x0000007b77600000] [id=5204]

Threads with active compile tasks:

VM state: at safepoint (normal execution)

VM Mutex/Monitor currently owned by a thread:  ([mutex/lock_event])
[0x000001fd389d4250] Threads_lock - owner thread: 0x000001fd38a97820
[0x000001fd389d4880] Heap_lock - owner thread: 0x000001fd5aa7df30

Heap address: 0x00000000c2000000, size: 992 MB, Compressed Oops mode: 32-bit
CDS archive(s) mapped at: [0x0000000800000000-0x0000000800b50000-0x0000000800b50000), size 11862016, SharedBaseAddress: 0x0000000800000000, ArchiveRelocationMode: 0.
Compressed class space mapped at: 0x0000000800b50000-0x0000000840b50000, size: 1073741824
Narrow klass base: 0x0000000800000000, Narrow klass shift: 3, Narrow klass range: 0x100000000

GC Precious Log:
 CPUs: 4 total, 4 available
 Memory: 3963M
 Large Page Support: Disabled
 NUMA Support: Disabled
 Compressed Oops: Enabled (32-bit)
 Heap Region Size: 1M
 Heap Min Capacity: 8M
 Heap Initial Capacity: 62M
 Heap Max Capacity: 992M
 Pre-touch: Disabled
 Parallel Workers: 4
 Concurrent Workers: 1
 Concurrent Refinement Workers: 4
 Periodic GC: Disabled

Heap:
 garbage-first heap   total 77824K, used 62495K [0x00000000c2000000, 0x0000000100000000)
  region size 1024K, 29 young (29696K), 1 survivors (1024K)
 Metaspace       used 50374K, capacity 51013K, committed 51248K, reserved 1093632K
  class space    used 6696K, capacity 6932K, committed 7040K, reserved 1048576K

Heap Regions: E=young(eden), S=young(survivor), O=old, HS=humongous(starts), HC=humongous(continues), CS=collection set, F=free, OA=open archive, CA=closed archive, TAMS=top-at-mark-start (previous, next)
|   0|0x00000000c2000000, 0x00000000c2100000, 0x00000000c2100000|100%| O|  |TAMS 0x00000000c2100000, 0x00000000c2000000| Untracked 
|   1|0x00000000c2100000, 0x00000000c2200000, 0x00000000c2200000|100%| O|  |TAMS 0x00000000c2200000, 0x00000000c2100000| Untracked 
|   2|0x00000000c2200000, 0x00000000c2300000, 0x00000000c2300000|100%| O|  |TAMS 0x00000000c2300000, 0x00000000c2200000| Untracked 
|   3|0x00000000c2300000, 0x00000000c2400000, 0x00000000c2400000|100%| O|  |TAMS 0x00000000c2400000, 0x00000000c2300000| Untracked 
|   4|0x00000000c2400000, 0x00000000c2500000, 0x00000000c2500000|100%| O|  |TAMS 0x00000000c2500000, 0x00000000c2400000| Untracked 
|   5|0x00000000c2500000, 0x00000000c2600000, 0x00000000c2600000|100%| O|  |TAMS 0x00000000c2600000, 0x00000000c2500000| Untracked 
|   6|0x00000000c2600000, 0x00000000c2700000, 0x00000000c2700000|100%| O|  |TAMS 0x00000000c2700000, 0x00000000c2600000| Untracked 
|   7|0x00000000c2700000, 0x00000000c2800000, 0x00000000c2800000|100%| O|  |TAMS 0x00000000c2800000, 0x00000000c2700000| Untracked 
|   8|0x00000000c2800000, 0x00000000c2900000, 0x00000000c2900000|100%| O|  |TAMS 0x00000000c2900000, 0x00000000c2800000| Untracked 
|   9|0x00000000c2900000, 0x00000000c29e6a00, 0x00000000c2a00000| 90%| O|  |TAMS 0x00000000c29e6a00, 0x00000000c2900000| Untracked 
|  10|0x00000000c2a00000, 0x00000000c2b00000, 0x00000000c2b00000|100%| O|  |TAMS 0x00000000c2b00000, 0x00000000c2a00000| Untracked 
|  11|0x00000000c2b00000, 0x00000000c2c00000, 0x00000000c2c00000|100%| O|  |TAMS 0x00000000c2c00000, 0x00000000c2b00000| Untracked 
|  12|0x00000000c2c00000, 0x00000000c2d00000, 0x00000000c2d00000|100%| O|  |TAMS 0x00000000c2d00000, 0x00000000c2c00000| Untracked 
|  13|0x00000000c2d00000, 0x00000000c2e00000, 0x00000000c2e00000|100%| O|  |TAMS 0x00000000c2e00000, 0x00000000c2d00000| Untracked 
|  14|0x00000000c2e00000, 0x00000000c2f00000, 0x00000000c2f00000|100%| O|  |TAMS 0x00000000c2f00000, 0x00000000c2e00000| Untracked 
|  15|0x00000000c2f00000, 0x00000000c3000000, 0x00000000c3000000|100%| O|  |TAMS 0x00000000c2febe00, 0x00000000c2f00000| Untracked 
|  16|0x00000000c3000000, 0x00000000c3100000, 0x00000000c3100000|100%| O|  |TAMS 0x00000000c3100000, 0x00000000c3000000| Untracked 
|  17|0x00000000c3100000, 0x00000000c3200000, 0x00000000c3200000|100%| O|  |TAMS 0x00000000c3200000, 0x00000000c3100000| Untracked 
|  18|0x00000000c3200000, 0x00000000c3300000, 0x00000000c3300000|100%| O|  |TAMS 0x00000000c3300000, 0x00000000c3200000| Untracked 
|  19|0x00000000c3300000, 0x00000000c3400000, 0x00000000c3400000|100%| O|  |TAMS 0x00000000c3300000, 0x00000000c3300000| Untracked 
|  20|0x00000000c3400000, 0x00000000c3500000, 0x00000000c3500000|100%| O|  |TAMS 0x00000000c3400000, 0x00000000c3400000| Untracked 
|  21|0x00000000c3500000, 0x00000000c3600000, 0x00000000c3600000|100%| O|  |TAMS 0x00000000c3500000, 0x00000000c3500000| Untracked 
|  22|0x00000000c3600000, 0x00000000c3700000, 0x00000000c3700000|100%| O|  |TAMS 0x00000000c3600000, 0x00000000c3600000| Untracked 
|  23|0x00000000c3700000, 0x00000000c3800000, 0x00000000c3800000|100%| O|  |TAMS 0x00000000c3800000, 0x00000000c3700000| Untracked 
|  24|0x00000000c3800000, 0x00000000c3900000, 0x00000000c3900000|100%| O|  |TAMS 0x00000000c3900000, 0x00000000c3800000| Untracked 
|  25|0x00000000c3900000, 0x00000000c3a00000, 0x00000000c3a00000|100%| O|  |TAMS 0x00000000c3a00000, 0x00000000c3900000| Untracked 
|  26|0x00000000c3a00000, 0x00000000c3b00000, 0x00000000c3b00000|100%| O|  |TAMS 0x00000000c3b00000, 0x00000000c3a00000| Untracked 
|  27|0x00000000c3b00000, 0x00000000c3c00000, 0x00000000c3c00000|100%| O|  |TAMS 0x00000000c3b00000, 0x00000000c3b00000| Untracked 
|  28|0x00000000c3c00000, 0x00000000c3d00000, 0x00000000c3d00000|100%| O|  |TAMS 0x00000000c3c00000, 0x00000000c3c00000| Untracked 
|  29|0x00000000c3d00000, 0x00000000c3e00000, 0x00000000c3e00000|100%| O|  |TAMS 0x00000000c3d00000, 0x00000000c3d00000| Untracked 
|  30|0x00000000c3e00000, 0x00000000c3f00000, 0x00000000c3f00000|100%| O|  |TAMS 0x00000000c3e00000, 0x00000000c3e00000| Untracked 
|  31|0x00000000c3f00000, 0x00000000c4000000, 0x00000000c4000000|100%| O|  |TAMS 0x00000000c3f00000, 0x00000000c3f00000| Untracked 
|  32|0x00000000c4000000, 0x00000000c4062c00, 0x00000000c4100000| 38%| O|  |TAMS 0x00000000c4000000, 0x00000000c4000000| Untracked 
|  33|0x00000000c4100000, 0x00000000c4100000, 0x00000000c4200000|  0%| F|  |TAMS 0x00000000c4100000, 0x00000000c4100000| Untracked 
|  34|0x00000000c4200000, 0x00000000c4200000, 0x00000000c4300000|  0%| F|  |TAMS 0x00000000c4200000, 0x00000000c4200000| Untracked 
|  35|0x00000000c4300000, 0x00000000c4300000, 0x00000000c4400000|  0%| F|  |TAMS 0x00000000c4300000, 0x00000000c4300000| Untracked 
|  36|0x00000000c4400000, 0x00000000c4400000, 0x00000000c4500000|  0%| F|  |TAMS 0x00000000c4400000, 0x00000000c4400000| Untracked 
|  37|0x00000000c4500000, 0x00000000c4500000, 0x00000000c4600000|  0%| F|  |TAMS 0x00000000c4500000, 0x00000000c4500000| Untracked 
|  38|0x00000000c4600000, 0x00000000c4600000, 0x00000000c4700000|  0%| F|  |TAMS 0x00000000c4600000, 0x00000000c4600000| Untracked 
|  39|0x00000000c4700000, 0x00000000c4700000, 0x00000000c4800000|  0%| F|  |TAMS 0x00000000c4700000, 0x00000000c4700000| Untracked 
|  40|0x00000000c4800000, 0x00000000c4800000, 0x00000000c4900000|  0%| F|  |TAMS 0x00000000c4800000, 0x00000000c4800000| Untracked 
|  41|0x00000000c4900000, 0x00000000c4900000, 0x00000000c4a00000|  0%| F|  |TAMS 0x00000000c4900000, 0x00000000c4900000| Untracked 
|  42|0x00000000c4a00000, 0x00000000c4a00000, 0x00000000c4b00000|  0%| F|  |TAMS 0x00000000c4a00000, 0x00000000c4a00000| Untracked 
|  43|0x00000000c4b00000, 0x00000000c4b00000, 0x00000000c4c00000|  0%| F|  |TAMS 0x00000000c4b00000, 0x00000000c4b00000| Untracked 
|  44|0x00000000c4c00000, 0x00000000c4c00000, 0x00000000c4d00000|  0%| F|  |TAMS 0x00000000c4c00000, 0x00000000c4c00000| Untracked 
|  45|0x00000000c4d00000, 0x00000000c4d00000, 0x00000000c4e00000|  0%| F|  |TAMS 0x00000000c4d00000, 0x00000000c4d00000| Untracked 
|  46|0x00000000c4e00000, 0x00000000c4e6c758, 0x00000000c4f00000| 42%| S|  |TAMS 0x00000000c4e00000, 0x00000000c4e00000| Complete 
|  47|0x00000000c4f00000, 0x00000000c5000000, 0x00000000c5000000|100%| E|CS|TAMS 0x00000000c4f00000, 0x00000000c4f00000| Complete 
|  48|0x00000000c5000000, 0x00000000c50be6a0, 0x00000000c5100000| 74%| E|CS|TAMS 0x00000000c5000000, 0x00000000c5000000| Complete 
|  49|0x00000000c5100000, 0x00000000c5200000, 0x00000000c5200000|100%| E|CS|TAMS 0x00000000c5100000, 0x00000000c5100000| Complete 
|  50|0x00000000c5200000, 0x00000000c5300000, 0x00000000c5300000|100%| E|CS|TAMS 0x00000000c5200000, 0x00000000c5200000| Complete 
|  51|0x00000000c5300000, 0x00000000c5400000, 0x00000000c5400000|100%| E|CS|TAMS 0x00000000c5300000, 0x00000000c5300000| Complete 
|  52|0x00000000c5400000, 0x00000000c5500000, 0x00000000c5500000|100%| E|CS|TAMS 0x00000000c5400000, 0x00000000c5400000| Complete 
|  53|0x00000000c5500000, 0x00000000c5600000, 0x00000000c5600000|100%| E|CS|TAMS 0x00000000c5500000, 0x00000000c5500000| Complete 
|  54|0x00000000c5600000, 0x00000000c5700000, 0x00000000c5700000|100%| E|CS|TAMS 0x00000000c5600000, 0x00000000c5600000| Complete 
|  55|0x00000000c5700000, 0x00000000c5800000, 0x00000000c5800000|100%| E|CS|TAMS 0x00000000c5700000, 0x00000000c5700000| Complete 
|  56|0x00000000c5800000, 0x00000000c5900000, 0x00000000c5900000|100%| E|CS|TAMS 0x00000000c5800000, 0x00000000c5800000| Complete 
|  57|0x00000000c5900000, 0x00000000c5a00000, 0x00000000c5a00000|100%| E|CS|TAMS 0x00000000c5900000, 0x00000000c5900000| Complete 
|  58|0x00000000c5a00000, 0x00000000c5b00000, 0x00000000c5b00000|100%| E|CS|TAMS 0x00000000c5a00000, 0x00000000c5a00000| Complete 
|  59|0x00000000c5b00000, 0x00000000c5c00000, 0x00000000c5c00000|100%| E|CS|TAMS 0x00000000c5b00000, 0x00000000c5b00000| Complete 
|  60|0x00000000c5c00000, 0x00000000c5d00000, 0x00000000c5d00000|100%| E|CS|TAMS 0x00000000c5c00000, 0x00000000c5c00000| Complete 
|  61|0x00000000c5d00000, 0x00000000c5e00000, 0x00000000c5e00000|100%| E|CS|TAMS 0x00000000c5d00000, 0x00000000c5d00000| Complete 
|  62|0x00000000c5e00000, 0x00000000c5f00000, 0x00000000c5f00000|100%| E|CS|TAMS 0x00000000c5e00000, 0x00000000c5e00000| Complete 
|  63|0x00000000c5f00000, 0x00000000c6000000, 0x00000000c6000000|100%| E|CS|TAMS 0x00000000c5f00000, 0x00000000c5f00000| Complete 
|  64|0x00000000c6000000, 0x00000000c6100000, 0x00000000c6100000|100%| E|CS|TAMS 0x00000000c6000000, 0x00000000c6000000| Complete 
|  65|0x00000000c6100000, 0x00000000c6200000, 0x00000000c6200000|100%| E|CS|TAMS 0x00000000c6100000, 0x00000000c6100000| Complete 
|  66|0x00000000c6200000, 0x00000000c6300000, 0x00000000c6300000|100%| E|CS|TAMS 0x00000000c6200000, 0x00000000c6200000| Complete 
|  67|0x00000000c6300000, 0x00000000c6400000, 0x00000000c6400000|100%| E|CS|TAMS 0x00000000c6300000, 0x00000000c6300000| Complete 
|  68|0x00000000c6400000, 0x00000000c6500000, 0x00000000c6500000|100%| E|CS|TAMS 0x00000000c6400000, 0x00000000c6400000| Complete 
|  69|0x00000000c6500000, 0x00000000c6600000, 0x00000000c6600000|100%| E|CS|TAMS 0x00000000c6500000, 0x00000000c6500000| Complete 
|  70|0x00000000c6600000, 0x00000000c6700000, 0x00000000c6700000|100%| E|CS|TAMS 0x00000000c6600000, 0x00000000c6600000| Complete 
|  71|0x00000000c6700000, 0x00000000c6800000, 0x00000000c6800000|100%| E|CS|TAMS 0x00000000c6700000, 0x00000000c6700000| Complete 
|  72|0x00000000c6800000, 0x00000000c6900000, 0x00000000c6900000|100%| E|CS|TAMS 0x00000000c6800000, 0x00000000c6800000| Complete 
|  73|0x00000000c6900000, 0x00000000c6a00000, 0x00000000c6a00000|100%| E|CS|TAMS 0x00000000c6900000, 0x00000000c6900000| Complete 
|  74|0x00000000c6a00000, 0x00000000c6b00000, 0x00000000c6b00000|100%| E|CS|TAMS 0x00000000c6a00000, 0x00000000c6a00000| Complete 
|  75|0x00000000c6b00000, 0x00000000c6c00000, 0x00000000c6c00000|100%| E|CS|TAMS 0x00000000c6b00000, 0x00000000c6b00000| Complete 

Card table byte_map: [0x000001fd51c10000,0x000001fd51e00000] _byte_map_base: 0x000001fd51600000

Marking Bits (Prev, Next): (CMBitMap*) 0x000001fd38a01e20, (CMBitMap*) 0x000001fd38a01de0
 Prev Bits: [0x000001fd52f70000, 0x000001fd53ef0000)
 Next Bits: [0x000001fd51ff0000, 0x000001fd52f70000)

Polling page: 0x000001fd38830000

Metaspace:

Usage:
  Non-class:     43.05 MB capacity,    42.65 MB (>99%) used,   323.91 KB ( <1%) free+waste,    78.69 KB ( <1%) overhead. 
      Class:      6.77 MB capacity,     6.54 MB ( 97%) used,   203.08 KB (  3%) free+waste,    32.44 KB ( <1%) overhead. 
       Both:     49.82 MB capacity,    49.19 MB ( 99%) used,   526.98 KB (  1%) free+waste,   111.12 KB ( <1%) overhead. 

Virtual space:
  Non-class space:       44.00 MB reserved,      43.17 MB ( 98%) committed 
      Class space:        1.00 GB reserved,       6.88 MB ( <1%) committed 
             Both:        1.04 GB reserved,      50.05 MB (  5%) committed 

Chunk freelists:
   Non-Class:  0 bytes
       Class:  12.00 KB
        Both:  12.00 KB

MaxMetaspaceSize: 17179869184.00 GB
CompressedClassSpaceSize: 1.00 GB

CodeHeap 'non-profiled nmethods': size=238912Kb used=11079Kb max_used=11079Kb free=227833Kb
 bounds [0x000001fd42aa0000, 0x000001fd43580000, 0x000001fd513f0000]
CodeHeap 'non-nmethods': size=6848Kb used=1291Kb max_used=1291Kb free=5556Kb
 bounds [0x000001fd423f0000, 0x000001fd42660000, 0x000001fd42aa0000]
 total_blobs=7554 nmethods=6967 adapters=512
 compilation: enabled
              stopped_count=0, restarted_count=0
 full_count=0

Compilation events (20 events):
Event: 818.437 Thread 0x000001fd5649f760 6956   !   1       sun.security.ssl.SSLEngineImpl::encode (296 bytes)
Event: 818.440 Thread 0x000001fd5649f760 nmethod 6956 0x000001fd4356d090 code [0x000001fd4356d300, 0x000001fd4356da18]
Event: 818.440 Thread 0x000001fd5649f760 6957       1       sun.security.ssl.SSLEngineOutputRecord::encode (76 bytes)
Event: 818.440 Thread 0x000001fd5649f760 nmethod 6957 0x000001fd4356e010 code [0x000001fd4356e1c0, 0x000001fd4356e308]
Event: 818.440 Thread 0x000001fd5649f760 6959       1       sun.security.ssl.SSLEngineOutputRecord::acquireCiphertext (218 bytes)
Event: 818.442 Thread 0x000001fd5649f760 nmethod 6959 0x000001fd4356e410 code [0x000001fd4356e600, 0x000001fd4356e9c8]
Event: 818.442 Thread 0x000001fd5649f760 6961       1       sun.security.ssl.OutputRecord::encrypt (84 bytes)
Event: 818.443 Thread 0x000001fd5649f760 nmethod 6961 0x000001fd4356eb90 code [0x000001fd4356ed80, 0x000001fd4356f038]
Event: 819.529 Thread 0x000001fd5649f760 6962   !   1       org.apache.catalina.core.StandardContext::getLoader (38 bytes)
Event: 819.531 Thread 0x000001fd5649f760 nmethod 6962 0x000001fd4356f210 code [0x000001fd4356f400, 0x000001fd4356f6d8]
Event: 822.521 Thread 0x000001fd5649f760 6963       1       sun.security.ssl.OutputRecord::t13Encrypt (200 bytes)
Event: 822.523 Thread 0x000001fd5649f760 nmethod 6963 0x000001fd4356f910 code [0x000001fd4356fba0, 0x000001fd435701e8]
Event: 825.795 Thread 0x000001fd5649f760 6964       1       org.springframework.util.MultiValueMapAdapter::getFirst (39 bytes)
Event: 825.796 Thread 0x000001fd5649f760 nmethod 6964 0x000001fd43570690 code [0x000001fd43570840, 0x000001fd43570a08]
Event: 825.801 Thread 0x000001fd5649f760 6965       1       org.springframework.http.HttpHeaders::getFirst (14 bytes)
Event: 825.802 Thread 0x000001fd5649f760 nmethod 6965 0x000001fd43570b10 code [0x000001fd43570ca0, 0x000001fd43570dc8]
Event: 825.802 Thread 0x000001fd5649f760 6966       1       com.fasterxml.jackson.databind.ObjectMapper::_assertNotNull (27 bytes)
Event: 825.804 Thread 0x000001fd5649f760 nmethod 6966 0x000001fd43570e90 code [0x000001fd435710a0, 0x000001fd43571688]
Event: 831.772 Thread 0x000001fd5649f760 6967       1       sun.security.ssl.SSLCipher$T13GcmWriteCipherGenerator$GcmWriteCipher::calculatePacketSize (9 bytes)
Event: 831.773 Thread 0x000001fd5649f760 nmethod 6967 0x000001fd43571910 code [0x000001fd43571aa0, 0x000001fd43571b58]

GC Heap History (20 events):
Event: 7.170 GC heap after
{Heap after GC invocations=9 (full 0):
 garbage-first heap   total 53248K, used 23904K [0x00000000c2000000, 0x0000000100000000)
  region size 1024K, 4 young (4096K), 4 survivors (4096K)
 Metaspace       used 25748K, capacity 26169K, committed 26544K, reserved 1073152K
  class space    used 3359K, capacity 3470K, committed 3584K, reserved 1048576K
}
Event: 7.518 GC heap before
{Heap before GC invocations=9 (full 0):
 garbage-first heap   total 53248K, used 39264K [0x00000000c2000000, 0x0000000100000000)
  region size 1024K, 18 young (18432K), 4 survivors (4096K)
 Metaspace       used 26175K, capacity 26629K, committed 26800K, reserved 1073152K
  class space    used 3395K, capacity 3536K, committed 3584K, reserved 1048576K
}
Event: 7.532 GC heap after
{Heap after GC invocations=10 (full 0):
 garbage-first heap   total 64512K, used 20477K [0x00000000c2000000, 0x0000000100000000)
  region size 1024K, 1 young (1024K), 1 survivors (1024K)
 Metaspace       used 26175K, capacity 26629K, committed 26800K, reserved 1073152K
  class space    used 3395K, capacity 3536K, committed 3584K, reserved 1048576K
}
Event: 8.152 GC heap before
{Heap before GC invocations=10 (full 0):
 garbage-first heap   total 64512K, used 51197K [0x00000000c2000000, 0x0000000100000000)
  region size 1024K, 27 young (27648K), 1 survivors (1024K)
 Metaspace       used 27280K, capacity 27773K, committed 27952K, reserved 1073152K
  class space    used 3540K, capacity 3660K, committed 3712K, reserved 1048576K
}
Event: 8.158 GC heap after
{Heap after GC invocations=11 (full 0):
 garbage-first heap   total 64512K, used 20722K [0x00000000c2000000, 0x0000000100000000)
  region size 1024K, 1 young (1024K), 1 survivors (1024K)
 Metaspace       used 27280K, capacity 27773K, committed 27952K, reserved 1073152K
  class space    used 3540K, capacity 3660K, committed 3712K, reserved 1048576K
}
Event: 9.162 GC heap before
{Heap before GC invocations=11 (full 0):
 garbage-first heap   total 64512K, used 48370K [0x00000000c2000000, 0x0000000100000000)
  region size 1024K, 28 young (28672K), 1 survivors (1024K)
 Metaspace       used 32089K, capacity 32710K, committed 32816K, reserved 1077248K
  class space    used 4231K, capacity 4398K, committed 4480K, reserved 1048576K
}
Event: 9.178 GC heap after
{Heap after GC invocations=12 (full 0):
 garbage-first heap   total 64512K, used 23610K [0x00000000c2000000, 0x0000000100000000)
  region size 1024K, 4 young (4096K), 4 survivors (4096K)
 Metaspace       used 32089K, capacity 32710K, committed 32816K, reserved 1077248K
  class space    used 4231K, capacity 4398K, committed 4480K, reserved 1048576K
}
Event: 9.821 GC heap before
{Heap before GC invocations=12 (full 0):
 garbage-first heap   total 64512K, used 44090K [0x00000000c2000000, 0x0000000100000000)
  region size 1024K, 26 young (26624K), 4 survivors (4096K)
 Metaspace       used 35312K, capacity 35878K, committed 35920K, reserved 1081344K
  class space    used 4664K, capacity 4856K, committed 4864K, reserved 1048576K
}
Event: 9.840 GC heap after
{Heap after GC invocations=13 (full 0):
 garbage-first heap   total 64512K, used 25245K [0x00000000c2000000, 0x0000000100000000)
  region size 1024K, 2 young (2048K), 2 survivors (2048K)
 Metaspace       used 35312K, capacity 35878K, committed 35920K, reserved 1081344K
  class space    used 4664K, capacity 4856K, committed 4864K, reserved 1048576K
}
Event: 10.572 GC heap before
{Heap before GC invocations=14 (full 0):
 garbage-first heap   total 64512K, used 48797K [0x00000000c2000000, 0x0000000100000000)
  region size 1024K, 26 young (26624K), 2 survivors (2048K)
 Metaspace       used 38441K, capacity 38996K, committed 39088K, reserved 1083392K
  class space    used 5149K, capacity 5350K, committed 5376K, reserved 1048576K
}
Event: 10.585 GC heap after
{Heap after GC invocations=15 (full 0):
 garbage-first heap   total 64512K, used 26918K [0x00000000c2000000, 0x0000000100000000)
  region size 1024K, 4 young (4096K), 4 survivors (4096K)
 Metaspace       used 38441K, capacity 38996K, committed 39088K, reserved 1083392K
  class space    used 5149K, capacity 5350K, committed 5376K, reserved 1048576K
}
Event: 11.569 GC heap before
{Heap before GC invocations=16 (full 0):
 garbage-first heap   total 64512K, used 50470K [0x00000000c2000000, 0x0000000100000000)
  region size 1024K, 27 young (27648K), 4 survivors (4096K)
 Metaspace       used 41818K, capacity 42389K, committed 42672K, reserved 1085440K
  class space    used 5566K, capacity 5775K, committed 5888K, reserved 1048576K
}
Event: 11.589 GC heap after
{Heap after GC invocations=17 (full 0):
 garbage-first heap   total 77824K, used 28730K [0x00000000c2000000, 0x0000000100000000)
  region size 1024K, 4 young (4096K), 4 survivors (4096K)
 Metaspace       used 41818K, capacity 42389K, committed 42672K, reserved 1085440K
  class space    used 5566K, capacity 5775K, committed 5888K, reserved 1048576K
}
Event: 13.017 GC heap before
{Heap before GC invocations=17 (full 0):
 garbage-first heap   total 77824K, used 59450K [0x00000000c2000000, 0x0000000100000000)
  region size 1024K, 34 young (34816K), 4 survivors (4096K)
 Metaspace       used 43276K, capacity 43916K, committed 44208K, reserved 1087488K
  class space    used 5794K, capacity 6022K, committed 6144K, reserved 1048576K
}
Event: 13.033 GC heap after
{Heap after GC invocations=18 (full 0):
 garbage-first heap   total 77824K, used 30344K [0x00000000c2000000, 0x0000000100000000)
  region size 1024K, 4 young (4096K), 4 survivors (4096K)
 Metaspace       used 43276K, capacity 43916K, committed 44208K, reserved 1087488K
  class space    used 5794K, capacity 6022K, committed 6144K, reserved 1048576K
}
Event: 47.309 GC heap before
{Heap before GC invocations=18 (full 0):
 garbage-first heap   total 77824K, used 59016K [0x00000000c2000000, 0x0000000100000000)
  region size 1024K, 33 young (33792K), 4 survivors (4096K)
 Metaspace       used 49287K, capacity 49906K, committed 49968K, reserved 1093632K
  class space    used 6539K, capacity 6759K, committed 6784K, reserved 1048576K
}
Event: 47.333 GC heap after
{Heap after GC invocations=19 (full 0):
 garbage-first heap   total 77824K, used 33128K [0x00000000c2000000, 0x0000000100000000)
  region size 1024K, 5 young (5120K), 5 survivors (5120K)
 Metaspace       used 49287K, capacity 49906K, committed 49968K, reserved 1093632K
  class space    used 6539K, capacity 6759K, committed 6784K, reserved 1048576K
}
Event: 360.835 GC heap before
{Heap before GC invocations=19 (full 0):
 garbage-first heap   total 77824K, used 59752K [0x00000000c2000000, 0x0000000100000000)
  region size 1024K, 32 young (32768K), 5 survivors (5120K)
 Metaspace       used 50365K, capacity 50998K, committed 51248K, reserved 1093632K
  class space    used 6694K, capacity 6929K, committed 7040K, reserved 1048576K
}
Event: 360.853 GC heap after
{Heap after GC invocations=20 (full 0):
 garbage-first heap   total 77824K, used 33823K [0x00000000c2000000, 0x0000000100000000)
  region size 1024K, 1 young (1024K), 1 survivors (1024K)
 Metaspace       used 50365K, capacity 50998K, committed 51248K, reserved 1093632K
  class space    used 6694K, capacity 6929K, committed 7040K, reserved 1048576K
}
Event: 839.198 GC heap before
{Heap before GC invocations=20 (full 0):
 garbage-first heap   total 77824K, used 62495K [0x00000000c2000000, 0x0000000100000000)
  region size 1024K, 29 young (29696K), 1 survivors (1024K)
 Metaspace       used 50374K, capacity 51013K, committed 51248K, reserved 1093632K
  class space    used 6696K, capacity 6932K, committed 7040K, reserved 1048576K
}

Deoptimization events (8 events):
Event: 5.265 Thread 0x000001fd5786f060 DEOPT PACKING pc=0x000001fd42dac8d4 sp=0x0000007b786fce60
Event: 5.265 Thread 0x000001fd5786f060 DEOPT UNPACKING pc=0x000001fd4243e23f sp=0x0000007b786fc3b8 mode 0
Event: 8.162 Thread 0x000001fd57870870 DEOPT PACKING pc=0x000001fd42ca2891 sp=0x0000007b789fee90
Event: 8.162 Thread 0x000001fd57870870 DEOPT UNPACKING pc=0x000001fd4243e23f sp=0x0000007b789fe2e8 mode 3
Event: 13.161 Thread 0x000001fd5786f060 DEOPT PACKING pc=0x000001fd42d873c2 sp=0x0000007b786faed0
Event: 13.161 Thread 0x000001fd5786f060 DEOPT UNPACKING pc=0x000001fd4243e23f sp=0x0000007b786fa3d8 mode 3
Event: 13.394 Thread 0x000001fd5786f060 DEOPT PACKING pc=0x000001fd42bf0e74 sp=0x0000007b786f94a0
Event: 13.394 Thread 0x000001fd5786f060 DEOPT UNPACKING pc=0x000001fd4243e23f sp=0x0000007b786f89c8 mode 0

Classes unloaded (0 events):
No events

Classes redefined (0 events):
No events

Internal exceptions (20 events):
Event: 12.782 Thread 0x000001fd5786f060 Exception <a 'java/lang/ClassNotFoundException'{0x00000000c503d2b0}: org/springframework/beans/factory/DisposableBeanCustomizer> (0x00000000c503d2b0) 
thrown [./open/src/hotspot/share/classfile/systemDictionary.cpp, line 295]
Event: 12.788 Thread 0x000001fd5786f060 Exception <a 'java/lang/ClassNotFoundException'{0x00000000c504e728}: java/lang/ObjectCustomizer> (0x00000000c504e728) 
thrown [./open/src/hotspot/share/classfile/systemDictionary.cpp, line 295]
Event: 12.789 Thread 0x000001fd5786f060 Exception <a 'java/lang/ClassNotFoundException'{0x00000000c50566d8}: org/springframework/cloud/context/properties/ConfigurationPropertiesRebinderCustomizer> (0x00000000c50566d8) 
thrown [./open/src/hotspot/share/classfile/systemDictionary.cpp, line 295]
Event: 12.791 Thread 0x000001fd5786f060 Exception <a 'java/lang/ClassNotFoundException'{0x00000000c5066e78}: org/springframework/context/ApplicationContextAwareCustomizer> (0x00000000c5066e78) 
thrown [./open/src/hotspot/share/classfile/systemDictionary.cpp, line 295]
Event: 12.791 Thread 0x000001fd5786f060 Exception <a 'java/lang/ClassNotFoundException'{0x00000000c506c6a0}: org/springframework/beans/factory/AwareCustomizer> (0x00000000c506c6a0) 
thrown [./open/src/hotspot/share/classfile/systemDictionary.cpp, line 295]
Event: 12.792 Thread 0x000001fd5786f060 Exception <a 'java/lang/ClassNotFoundException'{0x00000000c5070ae8}: org/springframework/context/ApplicationListenerCustomizer> (0x00000000c5070ae8) 
thrown [./open/src/hotspot/share/classfile/systemDictionary.cpp, line 295]
Event: 12.793 Thread 0x000001fd5786f060 Exception <a 'java/lang/ClassNotFoundException'{0x00000000c5073f60}: java/util/EventListenerCustomizer> (0x00000000c5073f60) 
thrown [./open/src/hotspot/share/classfile/systemDictionary.cpp, line 295]
Event: 12.795 Thread 0x000001fd5786f060 Exception <a 'java/lang/ClassNotFoundException'{0x00000000c507b5b0}: java/lang/ObjectCustomizer> (0x00000000c507b5b0) 
thrown [./open/src/hotspot/share/classfile/systemDictionary.cpp, line 295]
Event: 12.796 Thread 0x000001fd5786f060 Exception <a 'java/lang/ClassNotFoundException'{0x00000000c5083180}: org/springframework/jmx/export/metadata/AbstractJmxAttributeCustomizer> (0x00000000c5083180) 
thrown [./open/src/hotspot/share/classfile/systemDictionary.cpp, line 295]
Event: 12.797 Thread 0x000001fd5786f060 Exception <a 'java/lang/ClassNotFoundException'{0x00000000c508a6b8}: org/springframework/jmx/export/metadata/ManagedAttributeCustomizer> (0x00000000c508a6b8) 
thrown [./open/src/hotspot/share/classfile/systemDictionary.cpp, line 295]
Event: 12.819 Thread 0x000001fd5786f060 Exception <a 'java/lang/NoSuchMethodError'{0x00000000c50ca460}: 'java.lang.Object java.lang.invoke.DirectMethodHandle$Holder.newInvokeSpecial(java.lang.Object, java.lang.Object, int, java.lang.Object, java.lang.Object)'> (0x00000000c50ca460) 
thrown [./open/src/hotspot/share/interpreter/linkResolver.cpp, line 782]
Event: 12.822 Thread 0x000001fd5786f060 Exception <a 'java/lang/NoSuchMethodError'{0x00000000c50d6158}: 'java.lang.Object java.lang.invoke.DirectMethodHandle$Holder.invokeSpecial(java.lang.Object, java.lang.Object, int, java.lang.Object, int, java.lang.Object)'> (0x00000000c50d6158) 
thrown [./open/src/hotspot/share/interpreter/linkResolver.cpp, line 782]
Event: 12.823 Thread 0x000001fd5786f060 Exception <a 'java/lang/NoSuchMethodError'{0x00000000c50debe8}: 'java.lang.Object java.lang.invoke.DirectMethodHandle$Holder.newInvokeSpecial(java.lang.Object, java.lang.Object, int, java.lang.Object, int)'> (0x00000000c50debe8) 
thrown [./open/src/hotspot/share/interpreter/linkResolver.cpp, line 782]
Event: 12.823 Thread 0x000001fd5786f060 Exception <a 'java/lang/NoSuchMethodError'{0x00000000c50e2df8}: 'java.lang.Object java.lang.invoke.DirectMethodHandle$Holder.invokeSpecial(java.lang.Object, java.lang.Object, java.lang.Object, int, java.lang.Object, int)'> (0x00000000c50e2df8) 
thrown [./open/src/hotspot/share/interpreter/linkResolver.cpp, line 782]
Event: 12.826 Thread 0x000001fd5786f060 Exception <a 'java/lang/NoSuchMethodError'{0x00000000c50ed3b8}: 'void java.lang.invoke.DirectMethodHandle$Holder.invokeVirtual(java.lang.Object, java.lang.Object)'> (0x00000000c50ed3b8) 
thrown [./open/src/hotspot/share/interpreter/linkResolver.cpp, line 782]
Event: 47.348 Thread 0x000001fd5abff9f0 Exception <a 'java/lang/NoSuchMethodError'{0x00000000c6b756d0}: 'java.lang.Object java.lang.invoke.DirectMethodHandle$Holder.invokeInterface(java.lang.Object, java.lang.Object, int)'> (0x00000000c6b756d0) 
thrown [./open/src/hotspot/share/interpreter/linkResolver.cpp, line 782]
Event: 47.514 Thread 0x000001fd5abff9f0 Exception <a 'java/lang/reflect/InvocationTargetException'{0x00000000c6a63860}> (0x00000000c6a63860) 
thrown [./open/src/hotspot/share/runtime/reflection.cpp, line 1157]
Event: 59.596 Thread 0x000001fd5ac02ee0 Exception <a 'java/lang/NoSuchMethodError'{0x00000000c6478dd0}: 'java.lang.Object java.lang.invoke.Invokers$Holder.invoke_MT(java.lang.Object, java.lang.Object, java.lang.Object)'> (0x00000000c6478dd0) 
thrown [./open/src/hotspot/share/interpreter/linkResolver.cpp, line 782]
Event: 59.982 Thread 0x000001fd5ac02ee0 Exception <a 'java/lang/NoSuchMethodError'{0x00000000c63b82a0}: 'void java.lang.invoke.Invokers$Holder.invoke_MT(java.lang.Object, java.lang.Object, java.lang.Object, java.lang.Object)'> (0x00000000c63b82a0) 
thrown [./open/src/hotspot/share/interpreter/linkResolver.cpp, line 782]
Event: 69.243 Thread 0x000001fd5abffec0 Exception <a 'java/lang/NoSuchMethodError'{0x00000000c62abb70}: 'java.lang.Object java.lang.invoke.DirectMethodHandle$Holder.invokeVirtual(java.lang.Object, java.lang.Object, java.lang.Object, java.lang.Object, java.lang.Object)'> (0x00000000c62abb70) 
thrown [./open/src/hotspot/share/interpreter/linkResolver.cpp, line 782]

Events (20 events):
Event: 751.947 Executing VM operation: HandshakeAllThreads done
Event: 752.949 Executing VM operation: HandshakeAllThreads
Event: 752.964 Executing VM operation: HandshakeAllThreads done
Event: 753.973 Executing VM operation: HandshakeAllThreads
Event: 753.974 Executing VM operation: HandshakeAllThreads done
Event: 757.013 Executing VM operation: HandshakeAllThreads
Event: 757.013 Executing VM operation: HandshakeAllThreads done
Event: 761.051 Executing VM operation: HandshakeAllThreads
Event: 761.052 Executing VM operation: HandshakeAllThreads done
Event: 762.068 Executing VM operation: HandshakeAllThreads
Event: 762.068 Executing VM operation: HandshakeAllThreads done
Event: 763.071 Executing VM operation: HandshakeAllThreads
Event: 763.071 Executing VM operation: HandshakeAllThreads done
Event: 772.148 Executing VM operation: HandshakeAllThreads
Event: 772.148 Executing VM operation: HandshakeAllThreads done
Event: 775.166 Executing VM operation: HandshakeAllThreads
Event: 775.167 Executing VM operation: HandshakeAllThreads done
Event: 837.650 Executing VM operation: HandshakeAllThreads
Event: 837.651 Executing VM operation: HandshakeAllThreads done
Event: 839.198 Executing VM operation: G1CollectForAllocation


Dynamic libraries:
0x00007ff6e22d0000 - 0x00007ff6e22df000 	C:\Program Files\Java\jdk-15.0.1\bin\javaw.exe
0x00007ff895e30000 - 0x00007ff896025000 	C:\WINDOWS\SYSTEM32\ntdll.dll
0x00007ff8949d0000 - 0x00007ff894a8e000 	C:\WINDOWS\System32\KERNEL32.DLL
0x00007ff8937c0000 - 0x00007ff893a89000 	C:\WINDOWS\System32\KERNELBASE.dll
0x00007ff8936c0000 - 0x00007ff8937c0000 	C:\WINDOWS\System32\ucrtbase.dll
0x00007ff86f830000 - 0x00007ff86f848000 	C:\Program Files\Java\jdk-15.0.1\bin\jli.dll
0x00007ff877b00000 - 0x00007ff877b19000 	C:\Program Files\Java\jdk-15.0.1\bin\VCRUNTIME140.dll
0x00007ff8950a0000 - 0x00007ff89514c000 	C:\WINDOWS\System32\ADVAPI32.dll
0x00007ff894160000 - 0x00007ff8941fe000 	C:\WINDOWS\System32\msvcrt.dll
0x00007ff894630000 - 0x00007ff8946cb000 	C:\WINDOWS\System32\sechost.dll
0x00007ff893f60000 - 0x00007ff89408a000 	C:\WINDOWS\System32\RPCRT4.dll
0x00007ff8946e0000 - 0x00007ff894881000 	C:\WINDOWS\System32\USER32.dll
0x00007ff893da0000 - 0x00007ff893dc2000 	C:\WINDOWS\System32\win32u.dll
0x00007ff885ad0000 - 0x00007ff885d6a000 	C:\WINDOWS\WinSxS\amd64_microsoft.windows.common-controls_6595b64144ccf1df_6.0.19041.1110_none_60b5254171f9507e\COMCTL32.dll
0x00007ff894bc0000 - 0x00007ff894beb000 	C:\WINDOWS\System32\GDI32.dll
0x00007ff8935b0000 - 0x00007ff8936bb000 	C:\WINDOWS\System32\gdi32full.dll
0x00007ff893cb0000 - 0x00007ff893d4d000 	C:\WINDOWS\System32\msvcp_win.dll
0x00007ff8842f0000 - 0x00007ff8842fa000 	C:\WINDOWS\SYSTEM32\VERSION.dll
0x00007ff894130000 - 0x00007ff894160000 	C:\WINDOWS\System32\IMM32.DLL
0x00007ff88b340000 - 0x00007ff88b34c000 	C:\Program Files\Java\jdk-15.0.1\bin\vcruntime140_1.dll
0x00007ff867cc0000 - 0x00007ff867d51000 	C:\Program Files\Java\jdk-15.0.1\bin\msvcp140.dll
0x00007ff8600c0000 - 0x00007ff860c1e000 	C:\Program Files\Java\jdk-15.0.1\bin\server\jvm.dll
0x00007ff8951b0000 - 0x00007ff8951b8000 	C:\WINDOWS\System32\PSAPI.DLL
0x00007ff884780000 - 0x00007ff8847a7000 	C:\WINDOWS\SYSTEM32\WINMM.dll
0x00007ff88b310000 - 0x00007ff88b319000 	C:\WINDOWS\SYSTEM32\WSOCK32.dll
0x00007ff895d80000 - 0x00007ff895deb000 	C:\WINDOWS\System32\WS2_32.dll
0x00007ff891410000 - 0x00007ff891422000 	C:\WINDOWS\SYSTEM32\kernel.appcore.dll
0x00007ff87e5c0000 - 0x00007ff87e5ca000 	C:\Program Files\Java\jdk-15.0.1\bin\jimage.dll
0x00007ff881ca0000 - 0x00007ff881e84000 	C:\WINDOWS\SYSTEM32\DBGHELP.DLL
0x00007ff8828a0000 - 0x00007ff8828cc000 	C:\WINDOWS\SYSTEM32\dbgcore.DLL
0x00007ff893bf0000 - 0x00007ff893c73000 	C:\WINDOWS\System32\bcryptPrimitives.dll
0x00007ff86f800000 - 0x00007ff86f825000 	C:\Program Files\Java\jdk-15.0.1\bin\java.dll
0x00007ff8951c0000 - 0x00007ff8958ff000 	C:\WINDOWS\System32\SHELL32.dll
0x00007ff891610000 - 0x00007ff891da0000 	C:\WINDOWS\SYSTEM32\windows.storage.dll
0x00007ff8942d0000 - 0x00007ff894625000 	C:\WINDOWS\System32\combase.dll
0x00007ff892df0000 - 0x00007ff892e1c000 	C:\WINDOWS\SYSTEM32\Wldp.dll
0x00007ff894bf0000 - 0x00007ff894c9d000 	C:\WINDOWS\System32\SHCORE.dll
0x00007ff894970000 - 0x00007ff8949c5000 	C:\WINDOWS\System32\shlwapi.dll
0x00007ff893490000 - 0x00007ff8934af000 	C:\WINDOWS\SYSTEM32\profapi.dll
0x00007ff86f7e0000 - 0x00007ff86f7f9000 	C:\Program Files\Java\jdk-15.0.1\bin\net.dll
0x00007ff8845d0000 - 0x00007ff8846d8000 	C:\WINDOWS\SYSTEM32\WINHTTP.dll
0x00007ff892bd0000 - 0x00007ff892c3a000 	C:\WINDOWS\system32\mswsock.dll
0x00007ff86f7c0000 - 0x00007ff86f7d2000 	C:\Program Files\Java\jdk-15.0.1\bin\nio.dll
0x00007ff86f770000 - 0x00007ff86f788000 	C:\Program Files\Java\jdk-15.0.1\bin\zip.dll
0x00007ff88eb60000 - 0x00007ff88eb69000 	C:\Program Files\Java\jdk-15.0.1\bin\management.dll
0x00007ff88eb40000 - 0x00007ff88eb4b000 	C:\Program Files\Java\jdk-15.0.1\bin\management_ext.dll
0x00007ff8507b0000 - 0x00007ff8507c7000 	C:\WINDOWS\system32\napinsp.dll
0x00007ff8507d0000 - 0x00007ff8507eb000 	C:\WINDOWS\system32\pnrpnsp.dll
0x00007ff88e580000 - 0x00007ff88e595000 	C:\WINDOWS\system32\wshbth.dll
0x00007ff88ea00000 - 0x00007ff88ea1d000 	C:\WINDOWS\system32\NLAapi.dll
0x00007ff8928e0000 - 0x00007ff89291b000 	C:\WINDOWS\SYSTEM32\IPHLPAPI.DLL
0x00007ff892920000 - 0x00007ff8929ec000 	C:\WINDOWS\SYSTEM32\DNSAPI.dll
0x00007ff8946d0000 - 0x00007ff8946d8000 	C:\WINDOWS\System32\NSI.dll
0x00007ff88c0a0000 - 0x00007ff88c0b2000 	C:\WINDOWS\System32\winrnr.dll
0x00007ff884860000 - 0x00007ff88486a000 	C:\Windows\System32\rasadhlp.dll
0x00007ff888350000 - 0x00007ff8883cf000 	C:\WINDOWS\System32\fwpuclnt.dll
0x00007ff893c80000 - 0x00007ff893ca7000 	C:\WINDOWS\System32\bcrypt.dll
0x00007ff892e30000 - 0x00007ff892e48000 	C:\WINDOWS\SYSTEM32\CRYPTSP.dll
0x00007ff892570000 - 0x00007ff8925a4000 	C:\WINDOWS\system32\rsaenh.dll
0x00007ff893410000 - 0x00007ff89343e000 	C:\WINDOWS\SYSTEM32\USERENV.dll
0x00007ff892d60000 - 0x00007ff892d6c000 	C:\WINDOWS\SYSTEM32\CRYPTBASE.dll
0x00007ff888c10000 - 0x00007ff888c27000 	C:\WINDOWS\SYSTEM32\dhcpcsvc6.DLL
0x00007ff888ce0000 - 0x00007ff888cfd000 	C:\WINDOWS\SYSTEM32\dhcpcsvc.DLL
0x00007ff890750000 - 0x00007ff89075d000 	C:\Program Files\Java\jdk-15.0.1\bin\sunmscapi.dll
0x00007ff893a90000 - 0x00007ff893be6000 	C:\WINDOWS\System32\CRYPT32.dll
0x00007ff892fa0000 - 0x00007ff892fc7000 	C:\WINDOWS\SYSTEM32\ncrypt.dll
0x00007ff892f60000 - 0x00007ff892f9b000 	C:\WINDOWS\SYSTEM32\NTASN1.dll

dbghelp: loaded successfully - version: 4.0.5 - missing functions: none
symbol engine: initialized successfully - sym options: 0x614 - pdb path: .;C:\Program Files\Java\jdk-15.0.1\bin;C:\WINDOWS\SYSTEM32;C:\WINDOWS\WinSxS\amd64_microsoft.windows.common-controls_6595b64144ccf1df_6.0.19041.1110_none_60b5254171f9507e;C:\Program Files\Java\jdk-15.0.1\bin\server

VM Arguments:
jvm_args: -Dcom.sun.management.jmxremote -Dcom.sun.management.jmxremote.port=57104 -Dcom.sun.management.jmxremote.authenticate=false -Dcom.sun.management.jmxremote.ssl=false -Djava.rmi.server.hostname=localhost -Dspring.jmx.enabled=true -Dspring.liveBeansView.mbeanDomain -Dspring.application.admin.enabled=true -Xverify:none -XX:TieredStopAtLevel=1 -Dspring.boot.project.name=ClientRegistryService -Dfile.encoding=UTF-8 
java_command: com.bpp.clientregistryservice.ClientRegistryServiceApplication --spring.output.ansi.enabled=always
java_class_path (initial): D:\Workspaces\BPP_CaseStudy\ClientRegistryService\target\classes;C:\Users\DELL\.m2\repository\org\springframework\boot\spring-boot-starter-data-mongodb\2.5.6\spring-boot-starter-data-mongodb-2.5.6.jar;C:\Users\DELL\.m2\repository\org\springframework\boot\spring-boot-starter\2.5.6\spring-boot-starter-2.5.6.jar;C:\Users\DELL\.m2\repository\org\springframework\boot\spring-boot-starter-logging\2.5.6\spring-boot-starter-logging-2.5.6.jar;C:\Users\DELL\.m2\repository\ch\qos\logback\logback-classic\1.2.6\logback-classic-1.2.6.jar;C:\Users\DELL\.m2\repository\ch\qos\logback\logback-core\1.2.6\logback-core-1.2.6.jar;C:\Users\DELL\.m2\repository\org\apache\logging\log4j\log4j-to-slf4j\2.14.1\log4j-to-slf4j-2.14.1.jar;C:\Users\DELL\.m2\repository\org\apache\logging\log4j\log4j-api\2.14.1\log4j-api-2.14.1.jar;C:\Users\DELL\.m2\repository\org\slf4j\jul-to-slf4j\1.7.32\jul-to-slf4j-1.7.32.jar;C:\Users\DELL\.m2\repository\jakarta\annotation\jakarta.annotation-api\1.3.5\jakarta.annotation-api-1.3.5.jar;C:\Users\DELL\.m2\repository\org\yaml\snakeyaml\1.28\snakeyaml-1.28.jar;C:\Users\DELL\.m2\repository\org\mongodb\mongodb-driver-sync\4.2.3\mongodb-driver-sync-4.2.3.jar;C:\Users\DELL\.m2\repository\org\mongodb\bson\4.2.3\bson-4.2.3.jar;C:\Users\DELL\.m2\repository\org\mongodb\mongodb-driver-core\4.2.3\mongodb-driver-core-4.2.3.jar;C:\Users\DELL\.m2\repository\org\springframework\data\spring-data-mongodb\3.2.6\spring-data-mongodb-3.2.6.jar;C:\Users\DELL\.m2\repository\org\springframework\spring-tx\5.3.12\spring-tx-5.3.12.jar;C:\Users\DELL\.m2\repository\org\springframework\spring-context\5.3.12\spring-context-5.3.12.jar;C:\Users\DELL\.m2\repository\org\springframework\spring-beans\5.3.12\spring-beans-5.3.12.jar;C:\Users\DELL\.m2\repository\org\springframework\spring-expression\5.3.12\spring-expression-5.3.12.jar;C:\Users\DELL\.m2\repository\org\springframework\data\spring-data-commons\2.5.6\spring-data-commons-2.5.6.jar;C:\Users\DELL\.m2\repository\org\slf
Launcher Type: SUN_STANDARD

[Global flags]
     intx CICompilerCount                          = 3                                         {product} {ergonomic}
     uint ConcGCThreads                            = 1                                         {product} {ergonomic}
     uint G1ConcRefinementThreads                  = 4                                         {product} {ergonomic}
   size_t G1HeapRegionSize                         = 1048576                                   {product} {ergonomic}
    uintx GCDrainStackTargetSize                   = 64                                        {product} {ergonomic}
   size_t InitialHeapSize                          = 65011712                                  {product} {ergonomic}
     bool ManagementServer                         = true                                      {product} {command line}
   size_t MarkStackSize                            = 4194304                                   {product} {ergonomic}
   size_t MaxHeapSize                              = 1040187392                                {product} {ergonomic}
   size_t MaxNewSize                               = 623902720                                 {product} {ergonomic}
   size_t MinHeapDeltaBytes                        = 1048576                                   {product} {ergonomic}
   size_t MinHeapSize                              = 8388608                                   {product} {ergonomic}
    uintx NonNMethodCodeHeapSize                   = 6973028                                {pd product} {ergonomic}
    uintx NonProfiledCodeHeapSize                  = 244685212                              {pd product} {ergonomic}
    uintx ProfiledCodeHeapSize                     = 0                                      {pd product} {ergonomic}
    uintx ReservedCodeCacheSize                    = 251658240                              {pd product} {ergonomic}
     bool SegmentedCodeCache                       = true                                      {product} {ergonomic}
   size_t SoftMaxHeapSize                          = 1040187392                             {manageable} {ergonomic}
     intx TieredStopAtLevel                        = 1                                         {product} {command line}
     bool UseCompressedClassPointers               = true                                 {lp64_product} {ergonomic}
     bool UseCompressedOops                        = true                                 {lp64_product} {ergonomic}
     bool UseG1GC                                  = true                                      {product} {ergonomic}
     bool UseLargePagesIndividualAllocation        = false                                  {pd product} {ergonomic}

Logging:
Log output configuration:
 #0: stdout all=warning uptime,level,tags
 #1: stderr all=off uptime,level,tags

Environment Variables:
PATH=C:\Program Files\Common Files\Oracle\Java\javapath;C:\WINDOWS\system32;C:\WINDOWS;C:\WINDOWS\System32\Wbem;C:\WINDOWS\System32\WindowsPowerShell\v1.0\;C:\WINDOWS\System32\OpenSSH\;C:\Program Files\nodejs\;C:\Program Files\Git\cmd;C:\Program Files\Docker\Docker\resources\bin;C:\ProgramData\DockerDesktop\version-bin;C:\Users\DELL\bin\Sencha\Cmd;C:\Users\DELL\AppData\Local\Microsoft\WindowsApps;C:\Users\DELL\AppData\Roaming\npm;
USERNAME=DELL
OS=Windows_NT
PROCESSOR_IDENTIFIER=Intel64 Family 6 Model 42 Stepping 7, GenuineIntel



---------------  S Y S T E M  ---------------

OS:
 Windows 10 , 64 bit Build 19041 (10.0.19041.1202)
OS uptime: 0 days 23:17 hours
HyperV virtualization detected

CPU: total 4 (initial active 4) (2 cores per cpu, 2 threads per core) family 6 model 42 stepping 7 microcode 0x2f, cmov, cx8, fxsr, mmx, sse, sse2, sse3, ssse3, sse4.1, sse4.2, popcnt, vzeroupper, avx, clmul, ht, tsc, tscinvbit, clflush

Memory: 4k page, system-wide physical 3963M (1146M free)
TotalPageFile size 7931M (AvailPageFile size 2871M)
current process WorkingSet (physical memory assigned to process): 144M, peak: 200M
current process commit charge ("private bytes"): 240M, peak: 240M

vm_info: Java HotSpot(TM) 64-Bit Server VM (15.0.1+9-18) for windows-amd64 JRE (15.0.1+9-18), built on Sep 15 2020 14:43:54 by "mach5one" with unknown MS VC++:1925

END.
